Base path: C:/Program Files/Unity/Editor/Data
Pipe name: \\.\pipe\UnityShaderCompiler-64bit-1-5668
Cmd: getPlatforms
Cmd: preprocess
  insize=1572 outsize=888 ok=1
Cmd: compileSnippet
  api=4 type=0 insize=986 outsize=1290 kw= pd= ok=1
Cmd: compileSnippet
  api=4 type=1 insize=986 outsize=811 kw= pd= ok=1
Cmd: preprocess
  insize=1801 outsize=900 ok=1
Cmd: compileSnippet
  api=4 type=0 insize=1203 outsize=1404 kw= pd= ok=1
Cmd: compileSnippet
  api=4 type=1 insize=1203 outsize=1184 kw= pd= ok=1
Cmd: preprocess
  insize=219 outsize=219 ok=1
Cmd: preprocess
  insize=1523 outsize=503 ok=1
Cmd: compileSnippet
  api=4 type=0 insize=1322 outsize=1404 kw= pd= ok=1
Cmd: compileSnippet
  api=4 type=1 insize=1322 outsize=1753 kw= pd= ok=1
Cmd: preprocess
  insize=1829 outsize=857 ok=1
Cmd: compileSnippet
  api=4 type=0 insize=1274 outsize=1404 kw= pd= ok=1
Cmd: compileSnippet
  api=4 type=1 insize=1274 outsize=1152 kw= pd= ok=1
Cmd: preprocess
  insize=479 outsize=479 ok=1
Cmd: preprocess
  insize=1834 outsize=876 ok=1
Cmd: compileSnippet
  api=4 type=0 insize=1260 outsize=1404 kw= pd= ok=1
Cmd: compileSnippet
  api=4 type=1 insize=1260 outsize=1152 kw= pd= ok=1
Cmd: preprocess
  insize=1462 outsize=503 ok=1
Cmd: compileSnippet
  api=4 type=0 insize=1260 outsize=1404 kw= pd= ok=1
Cmd: compileSnippet
  api=4 type=1 insize=1260 outsize=1721 kw= pd= ok=1
Cmd: preprocess
  insize=1875 outsize=895 ok=1
Cmd: compileSnippet
  api=4 type=0 insize=1282 outsize=1404 kw= pd= ok=1
Cmd: compileSnippet
  api=4 type=1 insize=1282 outsize=1144 kw= pd= ok=1
Cmd: preprocess
  insize=1805 outsize=885 ok=1
Cmd: compileSnippet
  api=4 type=0 insize=1222 outsize=1404 kw= pd= ok=1
Cmd: compileSnippet
  api=4 type=1 insize=1222 outsize=1184 kw= pd= ok=1
Cmd: preprocess
  insize=1798 outsize=882 ok=1
Cmd: compileSnippet
  api=4 type=0 insize=1218 outsize=1404 kw= pd= ok=1
Cmd: compileSnippet
  api=4 type=1 insize=1218 outsize=1184 kw= pd= ok=1
Cmd: preprocess
  insize=3042 outsize=2109 ok=1
Cmd: compileSnippet
  api=4 type=0 insize=8050 outsize=4849 kw=DIRECTIONAL SHADOWS_OFF LIGHTMAP_OFF DIRLIGHTMAP_OFF DYNAMICLIGHTMAP_OFF pd= ok=1
Cmd: compileSnippet
  api=4 type=1 insize=8050 outsize=3264 kw=DIRECTIONAL SHADOWS_OFF LIGHTMAP_OFF DIRLIGHTMAP_OFF DYNAMICLIGHTMAP_OFF pd= ok=1
Cmd: compileSnippet
  api=4 type=0 insize=5353 outsize=3931 kw=POINT pd= ok=1
Cmd: compileSnippet
  api=4 type=1 insize=5353 outsize=3817 kw=POINT pd= ok=1
Cmd: compileSnippet
  api=4 type=0 insize=4703 outsize=4231 kw= pd= ok=1
Cmd: compileSnippet
  api=4 type=1 insize=4703 outsize=1412 kw= pd= ok=1
Cmd: compileSnippet
  api=4 type=0 insize=7617 outsize=3663 kw=DIRECTIONAL SHADOWS_OFF LIGHTMAP_OFF DIRLIGHTMAP_OFF DYNAMICLIGHTMAP_OFF pd= ok=1
Cmd: compileSnippet
  api=4 type=1 insize=7617 outsize=2403 kw=DIRECTIONAL SHADOWS_OFF LIGHTMAP_OFF DIRLIGHTMAP_OFF DYNAMICLIGHTMAP_OFF pd= ok=1
Cmd: compileSnippet
  api=4 type=0 insize=4392 outsize=2753 kw=POINT pd= ok=1
Cmd: compileSnippet
  api=4 type=1 insize=4392 outsize=3004 kw=POINT pd= ok=1
Cmd: compileSnippet
  api=4 type=0 insize=3781 outsize=2103 kw= pd= ok=1
Cmd: compileSnippet
  api=4 type=1 insize=3781 outsize=1266 kw= pd= ok=1
Cmd: preprocess
  insize=1871 outsize=896 ok=1
Cmd: compileSnippet
  api=4 type=0 insize=1277 outsize=1404 kw= pd= ok=1
Cmd: compileSnippet
  api=4 type=1 insize=1277 outsize=1136 kw= pd= ok=1
Cmd: preprocess
  insize=1891 outsize=860 ok=1
Cmd: compileSnippet
  api=4 type=0 insize=1333 outsize=1404 kw= pd= ok=1
Cmd: compileSnippet
  api=4 type=1 insize=1333 outsize=1152 kw= pd= ok=1
Cmd: preprocess
  insize=435 outsize=435 ok=1
Cmd: preprocess
  insize=1102 outsize=448 ok=1
Cmd: compileSnippet
  api=4 type=0 insize=956 outsize=1290 kw= pd= ok=1
Cmd: compileSnippet
  api=4 type=1 insize=956 outsize=770 kw= pd= ok=1
Cmd: preprocess
  insize=5911 outsize=3828 ok=1
Cmd: compileSnippet
  error: 2 plat 4 at (64): 'vert': output parameter 'o' not completely initialized\nCompiling Vertex program with DIRECTIONAL LIGHTMAP_OFF DIRLIGHTMAP_OFF DYNAMICLIGHTMAP_OFF
  api=4 type=0 insize=9583 outsize=0 kw=DIRECTIONAL LIGHTMAP_OFF DIRLIGHTMAP_OFF DYNAMICLIGHTMAP_OFF pd= ok=0
Cmd: preprocess
  insize=1524 outsize=883 ok=1
Cmd: compileSnippet
  api=4 type=0 insize=942 outsize=1209 kw= pd= ok=1
Cmd: compileSnippet
  api=4 type=1 insize=942 outsize=770 kw= pd= ok=1
Cmd: preprocess
  insize=2361 outsize=2709 ok=1
Cmd: compileSnippet
  api=4 type=0 insize=8155 outsize=4849 kw=DIRECTIONAL SHADOWS_OFF LIGHTMAP_OFF DIRLIGHTMAP_OFF DYNAMICLIGHTMAP_OFF pd= ok=1
Cmd: compileSnippet
  api=4 type=1 insize=8155 outsize=3492 kw=DIRECTIONAL SHADOWS_OFF LIGHTMAP_OFF DIRLIGHTMAP_OFF DYNAMICLIGHTMAP_OFF pd= ok=1
Cmd: compileSnippet
  api=4 type=0 insize=5458 outsize=3931 kw=POINT pd= ok=1
Cmd: compileSnippet
  api=4 type=1 insize=5458 outsize=4044 kw=POINT pd= ok=1
Cmd: compileSnippet
  api=4 type=0 insize=4808 outsize=4231 kw= pd= ok=1
Cmd: compileSnippet
  api=4 type=1 insize=4808 outsize=1509 kw= pd= ok=1
Cmd: compileSnippet
  api=4 type=0 insize=7010 outsize=3663 kw=DIRECTIONAL SHADOWS_OFF LIGHTMAP_OFF DIRLIGHTMAP_OFF DYNAMICLIGHTMAP_OFF pd= ok=1
Cmd: compileSnippet
  api=4 type=1 insize=7010 outsize=1412 kw=DIRECTIONAL SHADOWS_OFF LIGHTMAP_OFF DIRLIGHTMAP_OFF DYNAMICLIGHTMAP_OFF pd= ok=1
Cmd: compileSnippet
  api=4 type=0 insize=3781 outsize=2753 kw=POINT pd= ok=1
Cmd: compileSnippet
  api=4 type=1 insize=3781 outsize=2046 kw=POINT pd= ok=1
Cmd: compileSnippet
  api=4 type=0 insize=2988 outsize=2533 kw= pd= ok=1
Cmd: compileSnippet
  api=4 type=1 insize=2988 outsize=697 kw= pd= ok=1
Cmd: compileSnippet
  api=4 type=0 insize=6049 outsize=4077 kw=LIGHTMAP_OFF DIRLIGHTMAP_OFF DYNAMICLIGHTMAP_OFF HDR_LIGHT_PREPASS_OFF pd= ok=1
Cmd: compileSnippet
  api=4 type=1 insize=6049 outsize=1461 kw=LIGHTMAP_OFF DIRLIGHTMAP_OFF DYNAMICLIGHTMAP_OFF HDR_LIGHT_PREPASS_OFF pd= ok=1
Cmd: compileSnippet
  api=4 type=0 insize=5925 outsize=3801 kw=LIGHTMAP_OFF DIRLIGHTMAP_OFF DYNAMICLIGHTMAP_OFF HDR_LIGHT_PREPASS_OFF pd= ok=1
Cmd: compileSnippet
  api=4 type=1 insize=5925 outsize=1745 kw=LIGHTMAP_OFF DIRLIGHTMAP_OFF DYNAMICLIGHTMAP_OFF HDR_LIGHT_PREPASS_OFF pd= ok=1
Cmd: compileSnippet
  api=4 type=0 insize=3179 outsize=2484 kw= pd= ok=1
Cmd: compileSnippet
  api=4 type=1 insize=3179 outsize=1412 kw= pd= ok=1
Cmd: preprocess
  insize=1241 outsize=492 ok=1
Cmd: compileSnippet
  api=4 type=0 insize=1051 outsize=1209 kw= pd= ok=1
Cmd: compileSnippet
  api=4 type=1 insize=1051 outsize=1379 kw= pd= ok=1
Cmd: preprocess
  insize=1667 outsize=928 ok=1
Cmd: compileSnippet
  api=4 type=0 insize=1041 outsize=1290 kw= pd= ok=1
Cmd: compileSnippet
  api=4 type=1 insize=1041 outsize=1006 kw= pd= ok=1
Cmd: compileSnippet
  api=4 type=0 insize=5458 outsize=3931 kw=DIRECTIONAL pd= ok=1
Cmd: compileSnippet
  api=4 type=1 insize=5458 outsize=3297 kw=DIRECTIONAL pd= ok=1
Cmd: compileSnippet
  api=4 type=0 insize=990 outsize=1087 kw= pd= ok=1
Cmd: compileSnippet
  api=4 type=1 insize=990 outsize=713 kw= pd= ok=1
Cmd: compileSnippet
  api=4 type=0 insize=5353 outsize=3931 kw=DIRECTIONAL pd= ok=1
Cmd: compileSnippet
  api=4 type=1 insize=5353 outsize=3069 kw=DIRECTIONAL pd= ok=1
Cmd: compileSnippet
  api=4 type=0 insize=7400 outsize=4938 kw=DIRECTIONAL SHADOWS_OFF LIGHTMAP_OFF DIRLIGHTMAP_OFF DYNAMICLIGHTMAP_OFF pd= ok=1
Cmd: compileSnippet
  api=4 type=1 insize=7400 outsize=2054 kw=DIRECTIONAL SHADOWS_OFF LIGHTMAP_OFF DIRLIGHTMAP_OFF DYNAMICLIGHTMAP_OFF pd= ok=1
Cmd: compileSnippet
  api=4 type=0 insize=4837 outsize=4020 kw=DIRECTIONAL pd= ok=1
Cmd: compileSnippet
  api=4 type=1 insize=4837 outsize=1956 kw=DIRECTIONAL pd= ok=1
